# JRE version: Java(TM) SE Runtime Environment (8.0_65-b17) (build 1.8.0_65-b17)
# Java VM: Java HotSpot(TM) 64-Bit Server VM (25.65-b01 mixed mode windows-amd64 compressed oops)
Heap:
 PSYoungGen      total 327168K, used 224100K [0x00000000eab00000, 0x0000000100000000, 0x0000000100000000)
  eden space 308224K, 72% used [0x00000000eab00000,0x00000000f85d9130,0x00000000fd800000)
  from space 18944K, 0% used [0x00000000fed80000,0x00000000fed80000,0x0000000100000000)
  to   space 20480K, 0% used [0x00000000fd800000,0x00000000fd800000,0x00000000fec00000)
 ParOldGen       total 71168K, used 71161K [0x00000000c0000000, 0x00000000c4580000, 0x00000000eab00000)
  object space 71168K, 99% used [0x00000000c0000000,0x00000000c457e5e8,0x00000000c4580000)
 Metaspace       used 59358K, capacity 63902K, committed 64128K, reserved 1103872K
  class space    used 7867K, capacity 9220K, committed 9344K, reserved 1048576K
GC Heap History (10 events):
Event: 227.259 GC heap before
{Heap before GC invocations=32 (full 4):
 PSYoungGen      total 331264K, used 6134K [0x00000000eab00000, 0x0000000100000000, 0x0000000100000000)
  eden space 312320K, 0% used [0x00000000eab00000,0x00000000eab00000,0x00000000fdc00000)
  from space 18944K, 32% used [0x00000000fed80000,0x00000000ff37d8c8,0x0000000100000000)
  to   space 17920K, 0% used [0x00000000fdc00000,0x00000000fdc00000,0x00000000fed80000)
 ParOldGen       total 71168K, used 58691K [0x00000000c0000000, 0x00000000c4580000, 0x00000000eab00000)
  object space 71168K, 82% used [0x00000000c0000000,0x00000000c3950f50,0x00000000c4580000)
 Metaspace       used 48907K, capacity 51520K, committed 51584K, reserved 1093632K
  class space    used 6609K, capacity 7494K, committed 7552K, reserved 1048576K
Event: 227.696 GC heap after
Heap after GC invocations=32 (full 4):
 PSYoungGen      total 331264K, used 0K [0x00000000eab00000, 0x0000000100000000, 0x0000000100000000)
  eden space 312320K, 0% used [0x00000000eab00000,0x00000000eab00000,0x00000000fdc00000)
  from space 18944K, 0% used [0x00000000fed80000,0x00000000fed80000,0x0000000100000000)
  to   space 17920K, 0% used [0x00000000fdc00000,0x00000000fdc00000,0x00000000fed80000)
 ParOldGen       total 71168K, used 56344K [0x00000000c0000000, 0x00000000c4580000, 0x00000000eab00000)
  object space 71168K, 79% used [0x00000000c0000000,0x00000000c37063a8,0x00000000c4580000)
 Metaspace       used 48820K, capacity 51292K, committed 51584K, reserved 1093632K
  class space    used 6589K, capacity 7426K, committed 7552K, reserved 1048576K
}
Event: 330.037 GC heap before
{Heap before GC invocations=33 (full 4):
 PSYoungGen      total 331264K, used 312320K [0x00000000eab00000, 0x0000000100000000, 0x0000000100000000)
  eden space 312320K, 100% used [0x00000000eab00000,0x00000000fdc00000,0x00000000fdc00000)
  from space 18944K, 0% used [0x00000000fed80000,0x00000000fed80000,0x0000000100000000)
  to   space 17920K, 0% used [0x00000000fdc00000,0x00000000fdc00000,0x00000000fed80000)
 ParOldGen       total 71168K, used 56344K [0x00000000c0000000, 0x00000000c4580000, 0x00000000eab00000)
  object space 71168K, 79% used [0x00000000c0000000,0x00000000c37063a8,0x00000000c4580000)
 Metaspace       used 51763K, capacity 55088K, committed 55168K, reserved 1095680K
  class space    used 6993K, capacity 8017K, committed 8064K, reserved 1048576K
Event: 330.104 GC heap after
Heap after GC invocations=33 (full 4):
 PSYoungGen      total 330240K, used 17410K [0x00000000eab00000, 0x0000000100000000, 0x0000000100000000)
  eden space 312320K, 0% used [0x00000000eab00000,0x00000000eab00000,0x00000000fdc00000)
  from space 17920K, 97% used [0x00000000fdc00000,0x00000000fed00aa0,0x00000000fed80000)
  to   space 18944K, 0% used [0x00000000fed80000,0x00000000fed80000,0x0000000100000000)
 ParOldGen       total 71168K, used 56352K [0x00000000c0000000, 0x00000000c4580000, 0x00000000eab00000)
  object space 71168K, 79% used [0x00000000c0000000,0x00000000c37083a8,0x00000000c4580000)
 Metaspace       used 51763K, capacity 55088K, committed 55168K, reserved 1095680K
  class space    used 6993K, capacity 8017K, committed 8064K, reserved 1048576K
}
Event: 355.579 GC heap before
{Heap before GC invocations=34 (full 4):
 PSYoungGen      total 330240K, used 178961K [0x00000000eab00000, 0x0000000100000000, 0x0000000100000000)
  eden space 312320K, 51% used [0x00000000eab00000,0x00000000f48c3960,0x00000000fdc00000)
  from space 17920K, 97% used [0x00000000fdc00000,0x00000000fed00aa0,0x00000000fed80000)
  to   space 18944K, 0% used [0x00000000fed80000,0x00000000fed80000,0x0000000100000000)
 ParOldGen       total 71168K, used 56352K [0x00000000c0000000, 0x00000000c4580000, 0x00000000eab00000)
  object space 71168K, 79% used [0x00000000c0000000,0x00000000c37083a8,0x00000000c4580000)
 Metaspace       used 57690K, capacity 61484K, committed 61568K, reserved 1101824K
  class space    used 7660K, capacity 8795K, committed 8832K, reserved 1048576K
Event: 355.754 GC heap after
Heap after GC invocations=34 (full 4):
 PSYoungGen      total 327168K, used 9152K [0x00000000eab00000, 0x0000000100000000, 0x0000000100000000)
  eden space 308224K, 0% used [0x00000000eab00000,0x00000000eab00000,0x00000000fd800000)
  from space 18944K, 48% used [0x00000000fed80000,0x00000000ff6700e8,0x0000000100000000)
  to   space 20480K, 0% used [0x00000000fd800000,0x00000000fd800000,0x00000000fec00000)
 ParOldGen       total 71168K, used 64029K [0x00000000c0000000, 0x00000000c4580000, 0x00000000eab00000)
  object space 71168K, 89% used [0x00000000c0000000,0x00000000c3e874e8,0x00000000c4580000)
 Metaspace       used 57690K, capacity 61484K, committed 61568K, reserved 1101824K
  class space    used 7660K, capacity 8795K, committed 8832K, reserved 1048576K
}
Event: 355.754 GC heap before
{Heap before GC invocations=35 (full 5):
 PSYoungGen      total 327168K, used 9152K [0x00000000eab00000, 0x0000000100000000, 0x0000000100000000)
  eden space 308224K, 0% used [0x00000000eab00000,0x00000000eab00000,0x00000000fd800000)
  from space 18944K, 48% used [0x00000000fed80000,0x00000000ff6700e8,0x0000000100000000)
  to   space 20480K, 0% used [0x00000000fd800000,0x00000000fd800000,0x00000000fec00000)
 ParOldGen       total 71168K, used 64029K [0x00000000c0000000, 0x00000000c4580000, 0x00000000eab00000)
  object space 71168K, 89% used [0x00000000c0000000,0x00000000c3e874e8,0x00000000c4580000)
 Metaspace       used 57690K, capacity 61484K, committed 61568K, reserved 1101824K
  class space    used 7660K, capacity 8795K, committed 8832K, reserved 1048576K
Event: 356.579 GC heap after
Heap after GC invocations=35 (full 5):
 PSYoungGen      total 327168K, used 941K [0x00000000eab00000, 0x0000000100000000, 0x0000000100000000)
  eden space 308224K, 0% used [0x00000000eab00000,0x00000000eab00000,0x00000000fd800000)
  from space 18944K, 4% used [0x00000000fed80000,0x00000000fee6b4c0,0x0000000100000000)
  to   space 20480K, 0% used [0x00000000fd800000,0x00000000fd800000,0x00000000fec00000)
 ParOldGen       total 71168K, used 70747K [0x00000000c0000000, 0x00000000c4580000, 0x00000000eab00000)
  object space 71168K, 99% used [0x00000000c0000000,0x00000000c4516e48,0x00000000c4580000)
 Metaspace       used 57657K, capacity 61370K, committed 61568K, reserved 1101824K
  class space    used 7652K, capacity 8761K, committed 8832K, reserved 1048576K
}
Event: 959.954 GC heap before
{Heap before GC invocations=36 (full 6):
 PSYoungGen      total 327168K, used 246033K [0x00000000eab00000, 0x0000000100000000, 0x0000000100000000)
  eden space 308224K, 79% used [0x00000000eab00000,0x00000000f9a59158,0x00000000fd800000)
  from space 18944K, 4% used [0x00000000fed80000,0x00000000fee6b4c0,0x0000000100000000)
  to   space 20480K, 0% used [0x00000000fd800000,0x00000000fd800000,0x00000000fec00000)
 ParOldGen       total 71168K, used 70747K [0x00000000c0000000, 0x00000000c4580000, 0x00000000eab00000)
  object space 71168K, 99% used [0x00000000c0000000,0x00000000c4516e48,0x00000000c4580000)
 Metaspace       used 58808K, capacity 63136K, committed 63488K, reserved 1103872K
  class space    used 7811K, capacity 9105K, committed 9216K, reserved 1048576K
Event: 960.626 GC heap after
Heap after GC invocations=36 (full 6):
 PSYoungGen      total 327168K, used 9246K [0x00000000eab00000, 0x0000000100000000, 0x0000000100000000)
  eden space 308224K, 2% used [0x00000000eab00000,0x00000000eb4079c0,0x00000000fd800000)
  from space 18944K, 0% used [0x00000000fed80000,0x00000000fed80000,0x0000000100000000)
  to   space 20480K, 0% used [0x00000000fd800000,0x00000000fd800000,0x00000000fec00000)
 ParOldGen       total 71168K, used 71161K [0x00000000c0000000, 0x00000000c4580000, 0x00000000eab00000)
  object space 71168K, 99% used [0x00000000c0000000,0x00000000c457e5e8,0x00000000c4580000)
 Metaspace       used 58741K, capacity 62908K, committed 63488K, reserved 1103872K
  class space    used 7797K, capacity 9037K, committed 9216K, reserved 1048576K
}

