# JRE version: Java(TM) SE Runtime Environment (8.0_65-b17) (build 1.8.0_65-b17)
# Java VM: Java HotSpot(TM) 64-Bit Server VM (25.65-b01 mixed mode windows-amd64 compressed oops)
Heap:
 PSYoungGen      total 106496K, used 32309K [0x00000000eab00000, 0x00000000f1b00000, 0x0000000100000000)
  eden space 98304K, 32% used [0x00000000eab00000,0x00000000eca8d4b0,0x00000000f0b00000)
  from space 8192K, 0% used [0x00000000f1300000,0x00000000f1300000,0x00000000f1b00000)
  to   space 8192K, 0% used [0x00000000f0b00000,0x00000000f0b00000,0x00000000f1300000)
 ParOldGen       total 39936K, used 21065K [0x00000000c0000000, 0x00000000c2700000, 0x00000000eab00000)
  object space 39936K, 52% used [0x00000000c0000000,0x00000000c1492640,0x00000000c2700000)
 Metaspace       used 8155K, capacity 8248K, committed 8320K, reserved 1056768K
  class space    used 794K, capacity 851K, committed 896K, reserved 1048576K
GC Heap History (10 events):
Event: 6.618 GC heap before
{Heap before GC invocations=7 (full 0):
 PSYoungGen      total 38400K, used 35207K [0x00000000eab00000, 0x00000000ed800000, 0x0000000100000000)
  eden space 30720K, 100% used [0x00000000eab00000,0x00000000ec900000,0x00000000ec900000)
  from space 7680K, 58% used [0x00000000ed080000,0x00000000ed4e1c50,0x00000000ed800000)
  to   space 7680K, 0% used [0x00000000ec900000,0x00000000ec900000,0x00000000ed080000)
 ParOldGen       total 39936K, used 18592K [0x00000000c0000000, 0x00000000c2700000, 0x00000000eab00000)
  object space 39936K, 46% used [0x00000000c0000000,0x00000000c1228080,0x00000000c2700000)
 Metaspace       used 8030K, capacity 8130K, committed 8320K, reserved 1056768K
  class space    used 785K, capacity 818K, committed 896K, reserved 1048576K
Event: 6.636 GC heap after
Heap after GC invocations=7 (full 0):
 PSYoungGen      total 38400K, used 4862K [0x00000000eab00000, 0x00000000ef600000, 0x0000000100000000)
  eden space 30720K, 0% used [0x00000000eab00000,0x00000000eab00000,0x00000000ec900000)
  from space 7680K, 63% used [0x00000000ec900000,0x00000000ecdbfab8,0x00000000ed080000)
  to   space 7680K, 0% used [0x00000000eee80000,0x00000000eee80000,0x00000000ef600000)
 ParOldGen       total 39936K, used 19919K [0x00000000c0000000, 0x00000000c2700000, 0x00000000eab00000)
  object space 39936K, 49% used [0x00000000c0000000,0x00000000c1373c50,0x00000000c2700000)
 Metaspace       used 8030K, capacity 8130K, committed 8320K, reserved 1056768K
  class space    used 785K, capacity 818K, committed 896K, reserved 1048576K
}
Event: 6.755 GC heap before
{Heap before GC invocations=8 (full 0):
 PSYoungGen      total 38400K, used 35582K [0x00000000eab00000, 0x00000000ef600000, 0x0000000100000000)
  eden space 30720K, 100% used [0x00000000eab00000,0x00000000ec900000,0x00000000ec900000)
  from space 7680K, 63% used [0x00000000ec900000,0x00000000ecdbfab8,0x00000000ed080000)
  to   space 7680K, 0% used [0x00000000eee80000,0x00000000eee80000,0x00000000ef600000)
 ParOldGen       total 39936K, used 19919K [0x00000000c0000000, 0x00000000c2700000, 0x00000000eab00000)
  object space 39936K, 49% used [0x00000000c0000000,0x00000000c1373c50,0x00000000c2700000)
 Metaspace       used 8046K, capacity 8130K, committed 8320K, reserved 1056768K
  class space    used 785K, capacity 818K, committed 896K, reserved 1048576K
Event: 6.761 GC heap after
Heap after GC invocations=8 (full 0):
 PSYoungGen      total 69120K, used 2911K [0x00000000eab00000, 0x00000000ef600000, 0x0000000100000000)
  eden space 61440K, 0% used [0x00000000eab00000,0x00000000eab00000,0x00000000ee700000)
  from space 7680K, 37% used [0x00000000eee80000,0x00000000ef157e80,0x00000000ef600000)
  to   space 7680K, 0% used [0x00000000ee700000,0x00000000ee700000,0x00000000eee80000)
 ParOldGen       total 39936K, used 20303K [0x00000000c0000000, 0x00000000c2700000, 0x00000000eab00000)
  object space 39936K, 50% used [0x00000000c0000000,0x00000000c13d3c50,0x00000000c2700000)
 Metaspace       used 8046K, capacity 8130K, committed 8320K, reserved 1056768K
  class space    used 785K, capacity 818K, committed 896K, reserved 1048576K
}
Event: 6.983 GC heap before
{Heap before GC invocations=9 (full 0):
 PSYoungGen      total 69120K, used 64351K [0x00000000eab00000, 0x00000000ef600000, 0x0000000100000000)
  eden space 61440K, 100% used [0x00000000eab00000,0x00000000ee700000,0x00000000ee700000)
  from space 7680K, 37% used [0x00000000eee80000,0x00000000ef157e80,0x00000000ef600000)
  to   space 7680K, 0% used [0x00000000ee700000,0x00000000ee700000,0x00000000eee80000)
 ParOldGen       total 39936K, used 20303K [0x00000000c0000000, 0x00000000c2700000, 0x00000000eab00000)
  object space 39936K, 50% used [0x00000000c0000000,0x00000000c13d3c50,0x00000000c2700000)
 Metaspace       used 8143K, capacity 8248K, committed 8320K, reserved 1056768K
  class space    used 794K, capacity 851K, committed 896K, reserved 1048576K
Event: 7.020 GC heap after
Heap after GC invocations=9 (full 0):
 PSYoungGen      total 69120K, used 6557K [0x00000000eab00000, 0x00000000f1b00000, 0x0000000100000000)
  eden space 61440K, 0% used [0x00000000eab00000,0x00000000eab00000,0x00000000ee700000)
  from space 7680K, 85% used [0x00000000ee700000,0x00000000eed67620,0x00000000eee80000)
  to   space 8192K, 0% used [0x00000000f1300000,0x00000000f1300000,0x00000000f1b00000)
 ParOldGen       total 39936K, used 26178K [0x00000000c0000000, 0x00000000c2700000, 0x00000000eab00000)
  object space 39936K, 65% used [0x00000000c0000000,0x00000000c1990910,0x00000000c2700000)
 Metaspace       used 8143K, capacity 8248K, committed 8320K, reserved 1056768K
  class space    used 794K, capacity 851K, committed 896K, reserved 1048576K
}
Event: 7.204 GC heap before
{Heap before GC invocations=10 (full 0):
 PSYoungGen      total 69120K, used 67997K [0x00000000eab00000, 0x00000000f1b00000, 0x0000000100000000)
  eden space 61440K, 100% used [0x00000000eab00000,0x00000000ee700000,0x00000000ee700000)
  from space 7680K, 85% used [0x00000000ee700000,0x00000000eed67620,0x00000000eee80000)
  to   space 8192K, 0% used [0x00000000f1300000,0x00000000f1300000,0x00000000f1b00000)
 ParOldGen       total 39936K, used 26178K [0x00000000c0000000, 0x00000000c2700000, 0x00000000eab00000)
  object space 39936K, 65% used [0x00000000c0000000,0x00000000c1990910,0x00000000c2700000)
 Metaspace       used 8154K, capacity 8248K, committed 8320K, reserved 1056768K
  class space    used 794K, capacity 851K, committed 896K, reserved 1048576K
Event: 7.224 GC heap after
Heap after GC invocations=10 (full 0):
 PSYoungGen      total 106496K, used 6477K [0x00000000eab00000, 0x00000000f1b00000, 0x0000000100000000)
  eden space 98304K, 0% used [0x00000000eab00000,0x00000000eab00000,0x00000000f0b00000)
  from space 8192K, 79% used [0x00000000f1300000,0x00000000f1953428,0x00000000f1b00000)
  to   space 8192K, 0% used [0x00000000f0b00000,0x00000000f0b00000,0x00000000f1300000)
 ParOldGen       total 39936K, used 37763K [0x00000000c0000000, 0x00000000c2700000, 0x00000000eab00000)
  object space 39936K, 94% used [0x00000000c0000000,0x00000000c24e0ff0,0x00000000c2700000)
 Metaspace       used 8154K, capacity 8248K, committed 8320K, reserved 1056768K
  class space    used 794K, capacity 851K, committed 896K, reserved 1048576K
}
Event: 7.224 GC heap before
{Heap before GC invocations=11 (full 1):
 PSYoungGen      total 106496K, used 6477K [0x00000000eab00000, 0x00000000f1b00000, 0x0000000100000000)
  eden space 98304K, 0% used [0x00000000eab00000,0x00000000eab00000,0x00000000f0b00000)
  from space 8192K, 79% used [0x00000000f1300000,0x00000000f1953428,0x00000000f1b00000)
  to   space 8192K, 0% used [0x00000000f0b00000,0x00000000f0b00000,0x00000000f1300000)
 ParOldGen       total 39936K, used 37763K [0x00000000c0000000, 0x00000000c2700000, 0x00000000eab00000)
  object space 39936K, 94% used [0x00000000c0000000,0x00000000c24e0ff0,0x00000000c2700000)
 Metaspace       used 8154K, capacity 8248K, committed 8320K, reserved 1056768K
  class space    used 794K, capacity 851K, committed 896K, reserved 1048576K
Event: 7.305 GC heap after
Heap after GC invocations=11 (full 1):
 PSYoungGen      total 106496K, used 0K [0x00000000eab00000, 0x00000000f1b00000, 0x0000000100000000)
  eden space 98304K, 0% used [0x00000000eab00000,0x00000000eab00000,0x00000000f0b00000)
  from space 8192K, 0% used [0x00000000f1300000,0x00000000f1300000,0x00000000f1b00000)
  to   space 8192K, 0% used [0x00000000f0b00000,0x00000000f0b00000,0x00000000f1300000)
 ParOldGen       total 39936K, used 21065K [0x00000000c0000000, 0x00000000c2700000, 0x00000000eab00000)
  object space 39936K, 52% used [0x00000000c0000000,0x00000000c1492640,0x00000000c2700000)
 Metaspace       used 8154K, capacity 8248K, committed 8320K, reserved 1056768K
  class space    used 794K, capacity 851K, committed 896K, reserved 1048576K
}

