# JRE version: Java(TM) SE Runtime Environment (8.0_65-b17) (build 1.8.0_65-b17)
# Java VM: Java HotSpot(TM) 64-Bit Server VM (25.65-b01 mixed mode windows-amd64 compressed oops)
Heap:
 PSYoungGen      total 38400K, used 31409K [0x00000000eab00000, 0x00000000ef700000, 0x0000000100000000)
  eden space 30208K, 93% used [0x00000000eab00000,0x00000000ec6aadf8,0x00000000ec880000)
  from space 8192K, 37% used [0x00000000ec880000,0x00000000ecb81830,0x00000000ed080000)
  to   space 8704K, 0% used [0x00000000eee80000,0x00000000eee80000,0x00000000ef700000)
 ParOldGen       total 39936K, used 22467K [0x00000000c0000000, 0x00000000c2700000, 0x00000000eab00000)
  object space 39936K, 56% used [0x00000000c0000000,0x00000000c15f0e08,0x00000000c2700000)
 Metaspace       used 8007K, capacity 8130K, committed 8320K, reserved 1056768K
  class space    used 785K, capacity 818K, committed 896K, reserved 1048576K
GC Heap History (10 events):
Event: 3.149 GC heap before
{Heap before GC invocations=3 (full 0):
 PSYoungGen      total 17408K, used 17334K [0x00000000eab00000, 0x00000000ebe00000, 0x0000000100000000)
  eden space 15360K, 99% used [0x00000000eab00000,0x00000000eb9eed98,0x00000000eba00000)
  from space 2048K, 99% used [0x00000000ebc00000,0x00000000ebdfeb30,0x00000000ebe00000)
  to   space 2048K, 0% used [0x00000000eba00000,0x00000000eba00000,0x00000000ebc00000)
 ParOldGen       total 39936K, used 6014K [0x00000000c0000000, 0x00000000c2700000, 0x00000000eab00000)
  object space 39936K, 15% used [0x00000000c0000000,0x00000000c05dfaa8,0x00000000c2700000)
 Metaspace       used 6035K, capacity 7024K, committed 7296K, reserved 1056768K
  class space    used 588K, capacity 616K, committed 640K, reserved 1048576K
Event: 3.155 GC heap after
Heap after GC invocations=3 (full 0):
 PSYoungGen      total 17408K, used 2040K [0x00000000eab00000, 0x00000000ebe00000, 0x0000000100000000)
  eden space 15360K, 0% used [0x00000000eab00000,0x00000000eab00000,0x00000000eba00000)
  from space 2048K, 99% used [0x00000000eba00000,0x00000000ebbfe1e0,0x00000000ebc00000)
  to   space 2048K, 0% used [0x00000000ebc00000,0x00000000ebc00000,0x00000000ebe00000)
 ParOldGen       total 39936K, used 10627K [0x00000000c0000000, 0x00000000c2700000, 0x00000000eab00000)
  object space 39936K, 26% used [0x00000000c0000000,0x00000000c0a60e50,0x00000000c2700000)
 Metaspace       used 6035K, capacity 7024K, committed 7296K, reserved 1056768K
  class space    used 588K, capacity 616K, committed 640K, reserved 1048576K
}
Event: 3.224 GC heap before
{Heap before GC invocations=4 (full 0):
 PSYoungGen      total 17408K, used 17248K [0x00000000eab00000, 0x00000000ebe00000, 0x0000000100000000)
  eden space 15360K, 99% used [0x00000000eab00000,0x00000000eb9da1d8,0x00000000eba00000)
  from space 2048K, 99% used [0x00000000eba00000,0x00000000ebbfe1e0,0x00000000ebc00000)
  to   space 2048K, 0% used [0x00000000ebc00000,0x00000000ebc00000,0x00000000ebe00000)
 ParOldGen       total 39936K, used 10627K [0x00000000c0000000, 0x00000000c2700000, 0x00000000eab00000)
  object space 39936K, 26% used [0x00000000c0000000,0x00000000c0a60e50,0x00000000c2700000)
 Metaspace       used 6049K, capacity 7024K, committed 7296K, reserved 1056768K
  class space    used 588K, capacity 616K, committed 640K, reserved 1048576K
Event: 3.229 GC heap after
Heap after GC invocations=4 (full 0):
 PSYoungGen      total 17408K, used 2021K [0x00000000eab00000, 0x00000000ecd00000, 0x0000000100000000)
  eden space 15360K, 0% used [0x00000000eab00000,0x00000000eab00000,0x00000000eba00000)
  from space 2048K, 98% used [0x00000000ebc00000,0x00000000ebdf9428,0x00000000ebe00000)
  to   space 2048K, 0% used [0x00000000eba00000,0x00000000eba00000,0x00000000ebc00000)
 ParOldGen       total 39936K, used 15232K [0x00000000c0000000, 0x00000000c2700000, 0x00000000eab00000)
  object space 39936K, 38% used [0x00000000c0000000,0x00000000c0ee00e8,0x00000000c2700000)
 Metaspace       used 6049K, capacity 7024K, committed 7296K, reserved 1056768K
  class space    used 588K, capacity 616K, committed 640K, reserved 1048576K
}
Event: 3.713 GC heap before
{Heap before GC invocations=5 (full 0):
 PSYoungGen      total 17408K, used 17381K [0x00000000eab00000, 0x00000000ecd00000, 0x0000000100000000)
  eden space 15360K, 100% used [0x00000000eab00000,0x00000000eba00000,0x00000000eba00000)
  from space 2048K, 98% used [0x00000000ebc00000,0x00000000ebdf9428,0x00000000ebe00000)
  to   space 2048K, 0% used [0x00000000eba00000,0x00000000eba00000,0x00000000ebc00000)
 ParOldGen       total 39936K, used 15232K [0x00000000c0000000, 0x00000000c2700000, 0x00000000eab00000)
  object space 39936K, 38% used [0x00000000c0000000,0x00000000c0ee00e8,0x00000000c2700000)
 Metaspace       used 7908K, capacity 8066K, committed 8320K, reserved 1056768K
  class space    used 784K, capacity 818K, committed 896K, reserved 1048576K
Event: 3.721 GC heap after
Heap after GC invocations=5 (full 0):
 PSYoungGen      total 17408K, used 2037K [0x00000000eab00000, 0x00000000ed800000, 0x0000000100000000)
  eden space 15360K, 0% used [0x00000000eab00000,0x00000000eab00000,0x00000000eba00000)
  from space 2048K, 99% used [0x00000000eba00000,0x00000000ebbfd578,0x00000000ebc00000)
  to   space 7680K, 0% used [0x00000000ed080000,0x00000000ed080000,0x00000000ed800000)
 ParOldGen       total 39936K, used 18903K [0x00000000c0000000, 0x00000000c2700000, 0x00000000eab00000)
  object space 39936K, 47% used [0x00000000c0000000,0x00000000c1275ff8,0x00000000c2700000)
 Metaspace       used 7908K, capacity 8066K, committed 8320K, reserved 1056768K
  class space    used 784K, capacity 818K, committed 896K, reserved 1048576K
}
Event: 3.816 GC heap before
{Heap before GC invocations=6 (full 0):
 PSYoungGen      total 17408K, used 17397K [0x00000000eab00000, 0x00000000ed800000, 0x0000000100000000)
  eden space 15360K, 100% used [0x00000000eab00000,0x00000000eba00000,0x00000000eba00000)
  from space 2048K, 99% used [0x00000000eba00000,0x00000000ebbfd578,0x00000000ebc00000)
  to   space 7680K, 0% used [0x00000000ed080000,0x00000000ed080000,0x00000000ed800000)
 ParOldGen       total 39936K, used 18903K [0x00000000c0000000, 0x00000000c2700000, 0x00000000eab00000)
  object space 39936K, 47% used [0x00000000c0000000,0x00000000c1275ff8,0x00000000c2700000)
 Metaspace       used 7959K, capacity 8066K, committed 8320K, reserved 1056768K
  class space    used 784K, capacity 818K, committed 896K, reserved 1048576K
Event: 3.824 GC heap after
Heap after GC invocations=6 (full 0):
 PSYoungGen      total 37888K, used 7541K [0x00000000eab00000, 0x00000000ed900000, 0x0000000100000000)
  eden space 30208K, 0% used [0x00000000eab00000,0x00000000eab00000,0x00000000ec880000)
  from space 7680K, 98% used [0x00000000ed080000,0x00000000ed7dd430,0x00000000ed800000)
  to   space 8192K, 0% used [0x00000000ec880000,0x00000000ec880000,0x00000000ed080000)
 ParOldGen       total 39936K, used 20912K [0x00000000c0000000, 0x00000000c2700000, 0x00000000eab00000)
  object space 39936K, 52% used [0x00000000c0000000,0x00000000c146c250,0x00000000c2700000)
 Metaspace       used 7959K, capacity 8066K, committed 8320K, reserved 1056768K
  class space    used 784K, capacity 818K, committed 896K, reserved 1048576K
}
Event: 3.968 GC heap before
{Heap before GC invocations=7 (full 0):
 PSYoungGen      total 37888K, used 37749K [0x00000000eab00000, 0x00000000ed900000, 0x0000000100000000)
  eden space 30208K, 100% used [0x00000000eab00000,0x00000000ec880000,0x00000000ec880000)
  from space 7680K, 98% used [0x00000000ed080000,0x00000000ed7dd430,0x00000000ed800000)
  to   space 8192K, 0% used [0x00000000ec880000,0x00000000ec880000,0x00000000ed080000)
 ParOldGen       total 39936K, used 20912K [0x00000000c0000000, 0x00000000c2700000, 0x00000000eab00000)
  object space 39936K, 52% used [0x00000000c0000000,0x00000000c146c250,0x00000000c2700000)
 Metaspace       used 7990K, capacity 8130K, committed 8320K, reserved 1056768K
  class space    used 785K, capacity 818K, committed 896K, reserved 1048576K
Event: 3.973 GC heap after
Heap after GC invocations=7 (full 0):
 PSYoungGen      total 38400K, used 3078K [0x00000000eab00000, 0x00000000ef700000, 0x0000000100000000)
  eden space 30208K, 0% used [0x00000000eab00000,0x00000000eab00000,0x00000000ec880000)
  from space 8192K, 37% used [0x00000000ec880000,0x00000000ecb81830,0x00000000ed080000)
  to   space 8704K, 0% used [0x00000000eee80000,0x00000000eee80000,0x00000000ef700000)
 ParOldGen       total 39936K, used 22467K [0x00000000c0000000, 0x00000000c2700000, 0x00000000eab00000)
  object space 39936K, 56% used [0x00000000c0000000,0x00000000c15f0e08,0x00000000c2700000)
 Metaspace       used 7990K, capacity 8130K, committed 8320K, reserved 1056768K
  class space    used 785K, capacity 818K, committed 896K, reserved 1048576K
}

