# JRE version: Java(TM) SE Runtime Environment (8.0_65-b17) (build 1.8.0_65-b17)
# Java VM: Java HotSpot(TM) 64-Bit Server VM (25.65-b01 mixed mode windows-amd64 compressed oops)
Heap:
 PSYoungGen      total 38400K, used 17068K [0x00000000eab00000, 0x00000000ed800000, 0x0000000100000000)
  eden space 30720K, 37% used [0x00000000eab00000,0x00000000eb64ca80,0x00000000ec900000)
  from space 7680K, 71% used [0x00000000ed080000,0x00000000ed5de840,0x00000000ed800000)
  to   space 7680K, 0% used [0x00000000ec900000,0x00000000ec900000,0x00000000ed080000)
 ParOldGen       total 39936K, used 23805K [0x00000000c0000000, 0x00000000c2700000, 0x00000000eab00000)
  object space 39936K, 59% used [0x00000000c0000000,0x00000000c173f660,0x00000000c2700000)
 Metaspace       used 8120K, capacity 8248K, committed 8320K, reserved 1056768K
  class space    used 794K, capacity 851K, committed 896K, reserved 1048576K
GC Heap History (10 events):
Event: 4.141 GC heap before
{Heap before GC invocations=8 (full 0):
 PSYoungGen      total 38400K, used 36826K [0x00000000eab00000, 0x00000000ed800000, 0x0000000100000000)
  eden space 30720K, 100% used [0x00000000eab00000,0x00000000ec900000,0x00000000ec900000)
  from space 7680K, 79% used [0x00000000ec900000,0x00000000ecef68d8,0x00000000ed080000)
  to   space 7680K, 0% used [0x00000000ed080000,0x00000000ed080000,0x00000000ed800000)
 ParOldGen       total 39936K, used 19779K [0x00000000c0000000, 0x00000000c2700000, 0x00000000eab00000)
  object space 39936K, 49% used [0x00000000c0000000,0x00000000c1350d20,0x00000000c2700000)
 Metaspace       used 8020K, capacity 8130K, committed 8320K, reserved 1056768K
  class space    used 785K, capacity 818K, committed 896K, reserved 1048576K
Event: 4.144 GC heap after
Heap after GC invocations=8 (full 0):
 PSYoungGen      total 38400K, used 2835K [0x00000000eab00000, 0x00000000ed800000, 0x0000000100000000)
  eden space 30720K, 0% used [0x00000000eab00000,0x00000000eab00000,0x00000000ec900000)
  from space 7680K, 36% used [0x00000000ed080000,0x00000000ed344cb8,0x00000000ed800000)
  to   space 7680K, 0% used [0x00000000ec900000,0x00000000ec900000,0x00000000ed080000)
 ParOldGen       total 39936K, used 20091K [0x00000000c0000000, 0x00000000c2700000, 0x00000000eab00000)
  object space 39936K, 50% used [0x00000000c0000000,0x00000000c139ed30,0x00000000c2700000)
 Metaspace       used 8020K, capacity 8130K, committed 8320K, reserved 1056768K
  class space    used 785K, capacity 818K, committed 896K, reserved 1048576K
}
Event: 4.241 GC heap before
{Heap before GC invocations=9 (full 0):
 PSYoungGen      total 38400K, used 33555K [0x00000000eab00000, 0x00000000ed800000, 0x0000000100000000)
  eden space 30720K, 100% used [0x00000000eab00000,0x00000000ec900000,0x00000000ec900000)
  from space 7680K, 36% used [0x00000000ed080000,0x00000000ed344cb8,0x00000000ed800000)
  to   space 7680K, 0% used [0x00000000ec900000,0x00000000ec900000,0x00000000ed080000)
 ParOldGen       total 39936K, used 20091K [0x00000000c0000000, 0x00000000c2700000, 0x00000000eab00000)
  object space 39936K, 50% used [0x00000000c0000000,0x00000000c139ed30,0x00000000c2700000)
 Metaspace       used 8108K, capacity 8248K, committed 8320K, reserved 1056768K
  class space    used 794K, capacity 851K, committed 896K, reserved 1048576K
Event: 4.255 GC heap after
Heap after GC invocations=9 (full 0):
 PSYoungGen      total 38400K, used 3594K [0x00000000eab00000, 0x00000000ed800000, 0x0000000100000000)
  eden space 30720K, 0% used [0x00000000eab00000,0x00000000eab00000,0x00000000ec900000)
  from space 7680K, 46% used [0x00000000ec900000,0x00000000ecc82a80,0x00000000ed080000)
  to   space 7680K, 0% used [0x00000000ed080000,0x00000000ed080000,0x00000000ed800000)
 ParOldGen       total 39936K, used 20901K [0x00000000c0000000, 0x00000000c2700000, 0x00000000eab00000)
  object space 39936K, 52% used [0x00000000c0000000,0x00000000c1469580,0x00000000c2700000)
 Metaspace       used 8108K, capacity 8248K, committed 8320K, reserved 1056768K
  class space    used 794K, capacity 851K, committed 896K, reserved 1048576K
}
Event: 4.342 GC heap before
{Heap before GC invocations=10 (full 0):
 PSYoungGen      total 38400K, used 34314K [0x00000000eab00000, 0x00000000ed800000, 0x0000000100000000)
  eden space 30720K, 100% used [0x00000000eab00000,0x00000000ec900000,0x00000000ec900000)
  from space 7680K, 46% used [0x00000000ec900000,0x00000000ecc82a80,0x00000000ed080000)
  to   space 7680K, 0% used [0x00000000ed080000,0x00000000ed080000,0x00000000ed800000)
 ParOldGen       total 39936K, used 20901K [0x00000000c0000000, 0x00000000c2700000, 0x00000000eab00000)
  object space 39936K, 52% used [0x00000000c0000000,0x00000000c1469580,0x00000000c2700000)
 Metaspace       used 8116K, capacity 8248K, committed 8320K, reserved 1056768K
  class space    used 794K, capacity 851K, committed 896K, reserved 1048576K
Event: 4.356 GC heap after
Heap after GC invocations=10 (full 0):
 PSYoungGen      total 38400K, used 6553K [0x00000000eab00000, 0x00000000ed800000, 0x0000000100000000)
  eden space 30720K, 0% used [0x00000000eab00000,0x00000000eab00000,0x00000000ec900000)
  from space 7680K, 85% used [0x00000000ed080000,0x00000000ed6e6478,0x00000000ed800000)
  to   space 7680K, 0% used [0x00000000ec900000,0x00000000ec900000,0x00000000ed080000)
 ParOldGen       total 39936K, used 20909K [0x00000000c0000000, 0x00000000c2700000, 0x00000000eab00000)
  object space 39936K, 52% used [0x00000000c0000000,0x00000000c146b580,0x00000000c2700000)
 Metaspace       used 8116K, capacity 8248K, committed 8320K, reserved 1056768K
  class space    used 794K, capacity 851K, committed 896K, reserved 1048576K
}
Event: 4.445 GC heap before
{Heap before GC invocations=11 (full 0):
 PSYoungGen      total 38400K, used 37273K [0x00000000eab00000, 0x00000000ed800000, 0x0000000100000000)
  eden space 30720K, 100% used [0x00000000eab00000,0x00000000ec900000,0x00000000ec900000)
  from space 7680K, 85% used [0x00000000ed080000,0x00000000ed6e6478,0x00000000ed800000)
  to   space 7680K, 0% used [0x00000000ec900000,0x00000000ec900000,0x00000000ed080000)
 ParOldGen       total 39936K, used 20909K [0x00000000c0000000, 0x00000000c2700000, 0x00000000eab00000)
  object space 39936K, 52% used [0x00000000c0000000,0x00000000c146b580,0x00000000c2700000)
 Metaspace       used 8118K, capacity 8248K, committed 8320K, reserved 1056768K
  class space    used 794K, capacity 851K, committed 896K, reserved 1048576K
Event: 4.458 GC heap after
Heap after GC invocations=11 (full 0):
 PSYoungGen      total 38400K, used 5800K [0x00000000eab00000, 0x00000000ed800000, 0x0000000100000000)
  eden space 30720K, 0% used [0x00000000eab00000,0x00000000eab00000,0x00000000ec900000)
  from space 7680K, 75% used [0x00000000ec900000,0x00000000eceaa230,0x00000000ed080000)
  to   space 7680K, 0% used [0x00000000ed080000,0x00000000ed080000,0x00000000ed800000)
 ParOldGen       total 39936K, used 20917K [0x00000000c0000000, 0x00000000c2700000, 0x00000000eab00000)
  object space 39936K, 52% used [0x00000000c0000000,0x00000000c146d580,0x00000000c2700000)
 Metaspace       used 8118K, capacity 8248K, committed 8320K, reserved 1056768K
  class space    used 794K, capacity 851K, committed 896K, reserved 1048576K
}
Event: 4.543 GC heap before
{Heap before GC invocations=12 (full 0):
 PSYoungGen      total 38400K, used 36520K [0x00000000eab00000, 0x00000000ed800000, 0x0000000100000000)
  eden space 30720K, 100% used [0x00000000eab00000,0x00000000ec900000,0x00000000ec900000)
  from space 7680K, 75% used [0x00000000ec900000,0x00000000eceaa230,0x00000000ed080000)
  to   space 7680K, 0% used [0x00000000ed080000,0x00000000ed080000,0x00000000ed800000)
 ParOldGen       total 39936K, used 20917K [0x00000000c0000000, 0x00000000c2700000, 0x00000000eab00000)
  object space 39936K, 52% used [0x00000000c0000000,0x00000000c146d580,0x00000000c2700000)
 Metaspace       used 8120K, capacity 8248K, committed 8320K, reserved 1056768K
  class space    used 794K, capacity 851K, committed 896K, reserved 1048576K
Event: 4.619 GC heap after
Heap after GC invocations=12 (full 0):
 PSYoungGen      total 38400K, used 5498K [0x00000000eab00000, 0x00000000ed800000, 0x0000000100000000)
  eden space 30720K, 0% used [0x00000000eab00000,0x00000000eab00000,0x00000000ec900000)
  from space 7680K, 71% used [0x00000000ed080000,0x00000000ed5de840,0x00000000ed800000)
  to   space 7680K, 0% used [0x00000000ec900000,0x00000000ec900000,0x00000000ed080000)
 ParOldGen       total 39936K, used 23805K [0x00000000c0000000, 0x00000000c2700000, 0x00000000eab00000)
  object space 39936K, 59% used [0x00000000c0000000,0x00000000c173f660,0x00000000c2700000)
 Metaspace       used 8120K, capacity 8248K, committed 8320K, reserved 1056768K
  class space    used 794K, capacity 851K, committed 896K, reserved 1048576K
}

